
> affilify-platform@0.1.0 build
> next build

[baseline-browser-mapping] The data in this module is over two months old.  To ensure accurate Baseline data, please update: `npm i baseline-browser-mapping@latest -D`
   ▲ Next.js 16.0.10 (Turbopack)
   - Environments: .env.local

   Creating an optimized production build ...
[baseline-browser-mapping] The data in this module is over two months old.  To ensure accurate Baseline data, please update: `npm i baseline-browser-mapping@latest -D`
Browserslist: browsers data (caniuse-lite) is 7 months old. Please run:
  npx update-browserslist-db@latest
  Why you should do it regularly: https://github.com/browserslist/update-db#readme
 ✓ Compiled successfully in 14.3s
   Running TypeScript ...
   Collecting page data using 5 workers ...
[baseline-browser-mapping] The data in this module is over two months old.  To ensure accurate Baseline data, please update: `npm i baseline-browser-mapping@latest -D`
[baseline-browser-mapping] The data in this module is over two months old.  To ensure accurate Baseline data, please update: `npm i baseline-browser-mapping@latest -D`
[baseline-browser-mapping] The data in this module is over two months old.  To ensure accurate Baseline data, please update: `npm i baseline-browser-mapping@latest -D`
[baseline-browser-mapping] The data in this module is over two months old.  To ensure accurate Baseline data, please update: `npm i baseline-browser-mapping@latest -D`
[baseline-browser-mapping] The data in this module is over two months old.  To ensure accurate Baseline data, please update: `npm i baseline-browser-mapping@latest -D`
MongoDB URI format: mongodb://atlasAdmin:****@scram.mongodb.net:27017/affilify?authSource=admin
Initializing MongoDB client in production mode
Creating new MongoDB client...
MongoDB URI format: mongodb://atlasAdmin:****@scram.mongodb.net:27017/affilify?authSource=admin
Initializing MongoDB client in production mode
Creating new MongoDB client...
MongoDB URI format: mongodb://atlasAdmin:****@scram.mongodb.net:27017/affilify?authSource=admin
Initializing MongoDB client in production mode
Creating new MongoDB client...
MongoDB URI format: mongodb://atlasAdmin:****@scram.mongodb.net:27017/affilify?authSource=admin
Initializing MongoDB client in production mode
Creating new MongoDB client...
MongoDB URI format: mongodb://atlasAdmin:****@scram.mongodb.net:27017/affilify?authSource=admin
Initializing MongoDB client in production mode
Creating new MongoDB client...
Google Analytics credentials not configured, using mock data
Google Analytics credentials not configured, using mock data
MongoDB URI format: mongodb://atlasAdmin:****@scram.mongodb.net:27017/affilify?authSource=admin
Initializing MongoDB client in production mode
Creating new MongoDB client...
Google Analytics credentials not configured, using mock data
MongoDB URI format: mongodb://atlasAdmin:****@scram.mongodb.net:27017/affilify?authSource=admin
Initializing MongoDB client in production mode
Creating new MongoDB client...
   Generating static pages using 5 workers (0/129) ...
[baseline-browser-mapping] The data in this module is over two months old.  To ensure accurate Baseline data, please update: `npm i baseline-browser-mapping@latest -D`
[baseline-browser-mapping] The data in this module is over two months old.  To ensure accurate Baseline data, please update: `npm i baseline-browser-mapping@latest -D`
[baseline-browser-mapping] The data in this module is over two months old.  To ensure accurate Baseline data, please update: `npm i baseline-browser-mapping@latest -D`
[baseline-browser-mapping] The data in this module is over two months old.  To ensure accurate Baseline data, please update: `npm i baseline-browser-mapping@latest -D`
[baseline-browser-mapping] The data in this module is over two months old.  To ensure accurate Baseline data, please update: `npm i baseline-browser-mapping@latest -D`
MongoDB URI format: mongodb://atlasAdmin:****@scram.mongodb.net:27017/affilify?authSource=admin
Initializing MongoDB client in production mode
Creating new MongoDB client...
MongoDB URI format: mongodb://atlasAdmin:****@scram.mongodb.net:27017/affilify?authSource=admin
Initializing MongoDB client in production mode
Creating new MongoDB client...
MongoDB URI format: mongodb://atlasAdmin:****@scram.mongodb.net:27017/affilify?authSource=admin
Initializing MongoDB client in production mode
Creating new MongoDB client...
   Generating static pages using 5 workers (32/129) 
   Generating static pages using 5 workers (64/129) 
   Generating static pages using 5 workers (96/129) 
MongoDB URI format: mongodb://atlasAdmin:****@scram.mongodb.net:27017/affilify?authSource=admin
Initializing MongoDB client in production mode
Creating new MongoDB client...
Google Analytics credentials not configured, using mock data
Google Analytics credentials not configured, using mock data
 ✓ Generating static pages using 5 workers (129/129) in 1532.9ms
   Finalizing page optimization ...

Route (app)
┌ ○ /
├ ○ /_not-found
├ ○ /about-me
├ ƒ /api/ab-testing
├ ƒ /api/ab-testing/setup
├ ƒ /api/ab-tests
├ ƒ /api/ab-tests/[id]/complete
├ ƒ /api/ab-tests/[id]/pause
├ ƒ /api/ab-tests/[id]/start
├ ƒ /api/ab-tests/[id]/variants
├ ƒ /api/ab-tests/create
├ ƒ /api/ab-tests/stats
├ ƒ /api/admin/users
├ ƒ /api/ai/generate-from-link
├ ƒ /api/ai/generate-video
├ ƒ /api/ai/repurpose-content
├ ƒ /api/analytics/advanced
├ ƒ /api/analytics/conversions
├ ƒ /api/analytics/demographics
├ ƒ /api/analytics/realtime
├ ƒ /api/analytics/top-pages
├ ƒ /api/analytics/traffic
├ ƒ /api/analyze
├ ƒ /api/api-management/data
├ ƒ /api/auth/login
├ ƒ /api/auth/logout
├ ƒ /api/auth/me
├ ƒ /api/auth/signup
├ ƒ /api/chatbot/chat
├ ƒ /api/chatbot/messages
├ ƒ /api/chatbot/sessions
├ ƒ /api/code-editor/ai-assist
├ ƒ /api/code-editor/deploy
├ ƒ /api/code-editor/files
├ ƒ /api/code-editor/rollback
├ ƒ /api/crm/clients
├ ƒ /api/crm/leads
├ ƒ /api/crm/proposals
├ ƒ /api/crm/tasks
├ ƒ /api/dashboard/enterprise-stats
├ ƒ /api/dashboard/stats
├ ƒ /api/dns-test
├ ƒ /api/email-marketing/campaigns
├ ƒ /api/email-marketing/campaigns/[id]
├ ƒ /api/email-marketing/data
├ ƒ /api/email-marketing/send
├ ƒ /api/email-marketing/subscribers/import
├ ƒ /api/email/campaigns
├ ƒ /api/email/lists
├ ƒ /api/email/send
├ ƒ /api/health
├ ƒ /api/health/database
├ ƒ /api/integrations/api-keys
├ ƒ /api/integrations/data
├ ƒ /api/integrations/test
├ ƒ /api/integrations/webhooks
├ ƒ /api/raw-db-test
├ ƒ /api/reporting
├ ƒ /api/reporting/custom
├ ƒ /api/reports/data
├ ƒ /api/reviews
├ ƒ /api/reviews/stats
├ ƒ /api/stripe/create-checkout
├ ƒ /api/stripe/webhook
├ ƒ /api/team
├ ƒ /api/team/data
├ ƒ /api/team/members
├ ƒ /api/test-db-connection
├ ƒ /api/user/data
├ ƒ /api/websites
├ ƒ /api/websites/[id]
├ ƒ /api/websites/[id]/deploy
├ ƒ /api/websites/[id]/multimedia
├ ƒ /api/websites/[id]/publish
├ ƒ /api/websites/create
├ ƒ /api/websites/stats
├ ƒ /dashboard
├ ○ /dashboard/ab-testing
├ ○ /dashboard/advanced-analytics
├ ○ /dashboard/advanced-reporting
├ ○ /dashboard/ai-chatbot
├ ○ /dashboard/analyze-website
├ ○ /dashboard/api-management
├ ○ /dashboard/basic
├ ○ /dashboard/billing
├ ○ /dashboard/client-management
├ ○ /dashboard/client-management/clients
├ ○ /dashboard/client-management/leads
├ ○ /dashboard/client-management/proposals
├ ○ /dashboard/client-management/tasks
├ ○ /dashboard/code-editor
├ ○ /dashboard/content-repurposing
├ ○ /dashboard/content-studio
├ ○ /dashboard/create-website
├ ○ /dashboard/create-website/basic
├ ○ /dashboard/create-website/enterprise
├ ○ /dashboard/create-website/pro
├ ○ /dashboard/custom-integrations
├ ○ /dashboard/dna-management
├ ○ /dashboard/email-marketing
├ ○ /dashboard/enterprise
├ ○ /dashboard/help
├ ○ /dashboard/ideation-lab
├ ○ /dashboard/media-studio
├ ○ /dashboard/multi-format-repurposer
├ ○ /dashboard/my-websites
├ ○ /dashboard/my-websites-enhanced
├ ○ /dashboard/pro
├ ○ /dashboard/reviews
├ ○ /dashboard/seo-auditor
├ ○ /dashboard/settings
├ ○ /dashboard/team-collaboration
├ ○ /docs
├ ○ /docs/getting-started/quick-start
├ ○ /features
├ ○ /features/ab-testing
├ ○ /features/advanced-analytics
├ ○ /features/advanced-reporting
├ ○ /features/ai-chatbot
├ ○ /features/analyze-website
├ ○ /features/api-management
├ ○ /features/code-editor
├ ○ /features/create-website
├ ○ /features/custom-integrations
├ ○ /features/email-marketing
├ ○ /features/my-websites
├ ○ /features/team-collaboration
├ ○ /legal
├ ○ /legal/cookies
├ ○ /legal/disclaimer
├ ○ /login
├ ƒ /portal/[clientId]
├ ○ /pricing
├ ○ /privacy
├ ○ /proof
├ ○ /signup
├ ƒ /sites/[slug]
├ ○ /terms
└ ƒ /websites/[slug]


ƒ Proxy (Middleware)

○  (Static)   prerendered as static content
ƒ  (Dynamic)  server-rendered on demand

